<?xml version="1.0" encoding="UTF-8"?>
<testsuite xmlns:xsi="http://www.w3.org/2001/XMLSchema-instance" xsi:noNamespaceSchemaLocation="https://maven.apache.org/surefire/maven-surefire-plugin/xsd/surefire-test-report.xsd" version="3.0.2" name="com.vibhu.security.api.ApiSecurityTest" time="3.554" tests="4" errors="0" skipped="0" failures="0">
  <properties>
[...]
</properties>
  <testcase name="adminCanReadAdminStats" classname="com.vibhu.security.api.ApiSecurityTest" time="0.501">
    <system-out><![CDATA[03:37:58.491 [main] INFO org.springframework.test.context.support.AnnotationConfigContextLoaderUtils -- Could not detect default configuration classes for test class [com.vibhu.security.api.ApiSecurityTest]: ApiSecurityTest does not declare any static, non-private, non-final, nested classes annotated with @Configuration.
03:37:58.555 [main] INFO org.springframework.boot.test.context.SpringBootTestContextBootstrapper -- Found @SpringBootConfiguration com.vibhu.security.api.ApiServiceApplication for test class com.vibhu.security.api.ApiSecurityTest

  .   ____          _            __ _ _
 /\\ / ___'_ __ _ _(_)_ __  __ _ \ \ \ \
( ( )\___ | '_ | '_| | '_ \/ _` | \ \ \ \
 \\/  ___)| |_)| | | | | || (_| |  ) ) ) )
  '  |____| .__|_| |_|_| |_\__, | / / / /
 =========|_|==============|___/=/_/_/_/

 :: Spring Boot ::                (v3.4.5)

2026-08-12T03:37:58.793Z  INFO 138537 --- [api-service] [           main] com.vibhu.security.api.ApiSecurityTest   : Starting ApiSecurityTest using Java 21.0.10 with PID 138537 (started by ubuntu in /workspace/spring-authn-authz-demo/api-service)
2026-08-12T03:37:58.794Z  INFO 138537 --- [api-service] [           main] com.vibhu.security.api.ApiSecurityTest   : No active profile set, falling back to 1 default profile: "default"
2026-08-12T03:37:59.215Z  INFO 138537 --- [api-service] [           main] .s.d.r.c.RepositoryConfigurationDelegate : Bootstrapping Spring Data JPA repositories in DEFAULT mode.
2026-08-12T03:37:59.246Z  INFO 138537 --- [api-service] [           main] .s.d.r.c.RepositoryConfigurationDelegate : Finished Spring Data repository scanning in 25 ms. Found 2 JPA repository interfaces.
2026-08-12T03:37:59.589Z  INFO 138537 --- [api-service] [           main] com.zaxxer.hikari.HikariDataSource       : HikariPool-1 - Starting...
2026-08-12T03:37:59.699Z  INFO 138537 --- [api-service] [           main] com.zaxxer.hikari.pool.HikariPool        : HikariPool-1 - Added connection conn0: url=jdbc:h2:mem:api user=SA
2026-08-12T03:37:59.700Z  INFO 138537 --- [api-service] [           main] com.zaxxer.hikari.HikariDataSource       : HikariPool-1 - Start completed.
2026-08-12T03:37:59.728Z  INFO 138537 --- [api-service] [           main] org.flywaydb.core.FlywayExecutor         : Database: jdbc:h2:mem:api (H2 2.3)
2026-08-12T03:37:59.732Z  WARN 138537 --- [api-service] [           main] o.f.c.internal.database.base.Database    : Flyway upgrade recommended: H2 2.3.232 is newer than this version of Flyway and support has not been tested. The latest supported version of H2 is 2.2.224.
2026-08-12T03:37:59.745Z  INFO 138537 --- [api-service] [           main] o.f.c.i.s.JdbcTableSchemaHistory         : Schema history table "PUBLIC"."flyway_schema_history" does not exist yet
2026-08-12T03:37:59.747Z  INFO 138537 --- [api-service] [           main] o.f.core.internal.command.DbValidate     : Successfully validated 1 migration (execution time 00:00.007s)
2026-08-12T03:37:59.752Z  INFO 138537 --- [api-service] [           main] o.f.c.i.s.JdbcTableSchemaHistory         : Creating Schema History table "PUBLIC"."flyway_schema_history" ...
2026-08-12T03:37:59.775Z  INFO 138537 --- [api-service] [           main] o.f.core.internal.command.DbMigrate      : Current version of schema "PUBLIC": << Empty Schema >>
2026-08-12T03:37:59.779Z  INFO 138537 --- [api-service] [           main] o.f.core.internal.command.DbMigrate      : Migrating schema "PUBLIC" to version "1 - schema"
2026-08-12T03:37:59.791Z  INFO 138537 --- [api-service] [           main] o.f.core.internal.command.DbMigrate      : Successfully applied 1 migration to schema "PUBLIC", now at version v1 (execution time 00:00.006s)
2026-08-12T03:37:59.844Z  INFO 138537 --- [api-service] [           main] o.hibernate.jpa.internal.util.LogHelper  : HHH000204: Processing PersistenceUnitInfo [name: default]
2026-08-12T03:37:59.870Z  INFO 138537 --- [api-service] [           main] org.hibernate.Version                    : HHH000412: Hibernate ORM core version 6.6.13.Final
2026-08-12T03:37:59.886Z  INFO 138537 --- [api-service] [           main] o.h.c.internal.RegionFactoryInitiator    : HHH000026: Second-level cache disabled
2026-08-12T03:38:00.009Z  INFO 138537 --- [api-service] [           main] o.s.o.j.p.SpringPersistenceUnitInfo      : No LoadTimeWeaver setup: ignoring JPA class transformer
2026-08-12T03:38:00.053Z  INFO 138537 --- [api-service] [           main] org.hibernate.orm.connections.pooling    : HHH10001005: Database info:
	Database JDBC URL [Connecting through datasource 'HikariDataSource (HikariPool-1)']
	Database driver: undefined/unknown
	Database version: 2.3.232
	Autocommit mode: undefined/unknown
	Isolation level: undefined/unknown
	Minimum pool size: undefined/unknown
	Maximum pool size: undefined/unknown
2026-08-12T03:38:00.468Z  INFO 138537 --- [api-service] [           main] o.h.e.t.j.p.i.JtaPlatformInitiator       : HHH000489: No JTA platform available (set 'hibernate.transaction.jta.platform' to enable JTA platform integration)
2026-08-12T03:38:00.480Z  INFO 138537 --- [api-service] [           main] j.LocalContainerEntityManagerFactoryBean : Initialized JPA EntityManagerFactory for persistence unit 'default'
2026-08-12T03:38:00.704Z  INFO 138537 --- [api-service] [           main] r$InitializeUserDetailsManagerConfigurer : Global AuthenticationManager configured with UserDetailsService bean with name dbUserDetailsService
2026-08-12T03:38:01.066Z  INFO 138537 --- [api-service] [           main] o.s.b.t.m.w.SpringBootMockServletContext : Initializing Spring TestDispatcherServlet ''
2026-08-12T03:38:01.066Z  INFO 138537 --- [api-service] [           main] o.s.t.web.servlet.TestDispatcherServlet  : Initializing Servlet ''
2026-08-12T03:38:01.066Z  INFO 138537 --- [api-service] [           main] o.s.t.web.servlet.TestDispatcherServlet  : Completed initialization in 0 ms
2026-08-12T03:38:01.080Z  INFO 138537 --- [api-service] [           main] com.vibhu.security.api.ApiSecurityTest   : Started ApiSecurityTest in 2.457 seconds (process running for 2.988)
]]></system-out>
    <system-err><![CDATA[Mockito is currently self-attaching to enable the inline-mock-maker. This will no longer work in future releases of the JDK. Please add Mockito as an agent to your build what is described in Mockito's documentation: https://javadoc.io/doc/org.mockito/mockito-core/latest/org/mockito/Mockito.html#0.3
WARNING: A Java agent has been loaded dynamically (/home/ubuntu/.m2/repository/net/bytebuddy/byte-buddy-agent/1.15.11/byte-buddy-agent-1.15.11.jar)
WARNING: If a serviceability tool is in use, please run with -XX:+EnableDynamicAgentLoading to hide this warning
WARNING: If a serviceability tool is not in use, please run with -Djdk.instrument.traceUsage for more information
WARNING: Dynamic loading of agents will be disallowed by default in a future release
]]></system-err>
  </testcase>
  <testcase name="unauthenticatedGets401" classname="com.vibhu.security.api.ApiSecurityTest" time="0.005"/>
  <testcase name="aliceCanReadAccounts" classname="com.vibhu.security.api.ApiSecurityTest" time="0.07"/>
  <testcase name="aliceCannotReadAdminStats" classname="com.vibhu.security.api.ApiSecurityTest" time="0.064"/>
</testsuite>