<?xml version="1.0" encoding="UTF-8"?>
<testsuite xmlns:xsi="http://www.w3.org/2001/XMLSchema-instance" xsi:noNamespaceSchemaLocation="https://maven.apache.org/surefire/maven-surefire-plugin/xsd/surefire-test-report.xsd" version="3.0.2" name="com.vibhu.security.portal.PortalSecurityTest" time="3.42" tests="6" errors="0" skipped="0" failures="0">
  <properties>
[...]
</properties>
  <testcase name="createPaymentWithCsrf" classname="com.vibhu.security.portal.PortalSecurityTest" time="0.395">
    <system-out><![CDATA[03:37:54.346 [main] INFO org.springframework.test.context.support.AnnotationConfigContextLoaderUtils -- Could not detect default configuration classes for test class [com.vibhu.security.portal.PortalSecurityTest]: PortalSecurityTest does not declare any static, non-private, non-final, nested classes annotated with @Configuration.
03:37:54.416 [main] INFO org.springframework.boot.test.context.SpringBootTestContextBootstrapper -- Found @SpringBootConfiguration com.vibhu.security.portal.WebPortalApplication for test class com.vibhu.security.portal.PortalSecurityTest

  .   ____          _            __ _ _
 /\\ / ___'_ __ _ _(_)_ __  __ _ \ \ \ \
( ( )\___ | '_ | '_| | '_ \/ _` | \ \ \ \
 \\/  ___)| |_)| | | | | || (_| |  ) ) ) )
  '  |____| .__|_| |_|_| |_\__, | / / / /
 =========|_|==============|___/=/_/_/_/

 :: Spring Boot ::                (v3.4.5)

2026-08-12T03:37:54.661Z  INFO 138465 --- [web-portal] [           main] c.v.security.portal.PortalSecurityTest   : Starting PortalSecurityTest using Java 21.0.10 with PID 138465 (started by ubuntu in /workspace/spring-authn-authz-demo/web-portal)
2026-08-12T03:37:54.661Z  INFO 138465 --- [web-portal] [           main] c.v.security.portal.PortalSecurityTest   : No active profile set, falling back to 1 default profile: "default"
2026-08-12T03:37:55.054Z  INFO 138465 --- [web-portal] [           main] .s.d.r.c.RepositoryConfigurationDelegate : Bootstrapping Spring Data JPA repositories in DEFAULT mode.
2026-08-12T03:37:55.082Z  INFO 138465 --- [web-portal] [           main] .s.d.r.c.RepositoryConfigurationDelegate : Finished Spring Data repository scanning in 23 ms. Found 2 JPA repository interfaces.
2026-08-12T03:37:55.409Z  INFO 138465 --- [web-portal] [           main] com.zaxxer.hikari.HikariDataSource       : HikariPool-1 - Starting...
2026-08-12T03:37:55.506Z  INFO 138465 --- [web-portal] [           main] com.zaxxer.hikari.pool.HikariPool        : HikariPool-1 - Added connection conn0: url=jdbc:h2:mem:portal user=SA
2026-08-12T03:37:55.507Z  INFO 138465 --- [web-portal] [           main] com.zaxxer.hikari.HikariDataSource       : HikariPool-1 - Start completed.
2026-08-12T03:37:55.534Z  INFO 138465 --- [web-portal] [           main] org.flywaydb.core.FlywayExecutor         : Database: jdbc:h2:mem:portal (H2 2.3)
2026-08-12T03:37:55.537Z  WARN 138465 --- [web-portal] [           main] o.f.c.internal.database.base.Database    : Flyway upgrade recommended: H2 2.3.232 is newer than this version of Flyway and support has not been tested. The latest supported version of H2 is 2.2.224.
2026-08-12T03:37:55.549Z  INFO 138465 --- [web-portal] [           main] o.f.c.i.s.JdbcTableSchemaHistory         : Schema history table "PUBLIC"."flyway_schema_history" does not exist yet
2026-08-12T03:37:55.551Z  INFO 138465 --- [web-portal] [           main] o.f.core.internal.command.DbValidate     : Successfully validated 1 migration (execution time 00:00.007s)
2026-08-12T03:37:55.556Z  INFO 138465 --- [web-portal] [           main] o.f.c.i.s.JdbcTableSchemaHistory         : Creating Schema History table "PUBLIC"."flyway_schema_history" ...
2026-08-12T03:37:55.579Z  INFO 138465 --- [web-portal] [           main] o.f.core.internal.command.DbMigrate      : Current version of schema "PUBLIC": << Empty Schema >>
2026-08-12T03:37:55.582Z  INFO 138465 --- [web-portal] [           main] o.f.core.internal.command.DbMigrate      : Migrating schema "PUBLIC" to version "1 - schema"
2026-08-12T03:37:55.596Z  INFO 138465 --- [web-portal] [           main] o.f.core.internal.command.DbMigrate      : Successfully applied 1 migration to schema "PUBLIC", now at version v1 (execution time 00:00.008s)
2026-08-12T03:37:55.650Z  INFO 138465 --- [web-portal] [           main] o.hibernate.jpa.internal.util.LogHelper  : HHH000204: Processing PersistenceUnitInfo [name: default]
2026-08-12T03:37:55.672Z  INFO 138465 --- [web-portal] [           main] org.hibernate.Version                    : HHH000412: Hibernate ORM core version 6.6.13.Final
2026-08-12T03:37:55.687Z  INFO 138465 --- [web-portal] [           main] o.h.c.internal.RegionFactoryInitiator    : HHH000026: Second-level cache disabled
2026-08-12T03:37:55.817Z  INFO 138465 --- [web-portal] [           main] o.s.o.j.p.SpringPersistenceUnitInfo      : No LoadTimeWeaver setup: ignoring JPA class transformer
2026-08-12T03:37:55.851Z  INFO 138465 --- [web-portal] [           main] org.hibernate.orm.connections.pooling    : HHH10001005: Database info:
	Database JDBC URL [Connecting through datasource 'HikariDataSource (HikariPool-1)']
	Database driver: undefined/unknown
	Database version: 2.3.232
	Autocommit mode: undefined/unknown
	Isolation level: undefined/unknown
	Minimum pool size: undefined/unknown
	Maximum pool size: undefined/unknown
2026-08-12T03:37:56.282Z  INFO 138465 --- [web-portal] [           main] o.h.e.t.j.p.i.JtaPlatformInitiator       : HHH000489: No JTA platform available (set 'hibernate.transaction.jta.platform' to enable JTA platform integration)
2026-08-12T03:37:56.294Z  INFO 138465 --- [web-portal] [           main] j.LocalContainerEntityManagerFactoryBean : Initialized JPA EntityManagerFactory for persistence unit 'default'
2026-08-12T03:37:56.510Z  INFO 138465 --- [web-portal] [           main] r$InitializeUserDetailsManagerConfigurer : Global AuthenticationManager configured with UserDetailsService bean with name dbUserDetailsService
2026-08-12T03:37:56.548Z  INFO 138465 --- [web-portal] [           main] o.s.b.a.w.s.WelcomePageHandlerMapping    : Adding welcome page template: index
2026-08-12T03:37:56.836Z  INFO 138465 --- [web-portal] [           main] o.s.b.a.h2.H2ConsoleAutoConfiguration    : H2 console available at '/h2-console'. Database available at 'jdbc:h2:mem:portal'
2026-08-12T03:37:56.873Z  INFO 138465 --- [web-portal] [           main] o.s.b.t.m.w.SpringBootMockServletContext : Initializing Spring TestDispatcherServlet ''
2026-08-12T03:37:56.874Z  INFO 138465 --- [web-portal] [           main] o.s.t.web.servlet.TestDispatcherServlet  : Initializing Servlet ''
2026-08-12T03:37:56.874Z  INFO 138465 --- [web-portal] [           main] o.s.t.web.servlet.TestDispatcherServlet  : Completed initialization in 0 ms
2026-08-12T03:37:56.888Z  INFO 138465 --- [web-portal] [           main] c.v.security.portal.PortalSecurityTest   : Started PortalSecurityTest in 2.402 seconds (process running for 2.933)
]]></system-out>
    <system-err><![CDATA[Mockito is currently self-attaching to enable the inline-mock-maker. This will no longer work in future releases of the JDK. Please add Mockito as an agent to your build what is described in Mockito's documentation: https://javadoc.io/doc/org.mockito/mockito-core/latest/org/mockito/Mockito.html#0.3
WARNING: A Java agent has been loaded dynamically (/home/ubuntu/.m2/repository/net/bytebuddy/byte-buddy-agent/1.15.11/byte-buddy-agent-1.15.11.jar)
WARNING: If a serviceability tool is in use, please run with -XX:+EnableDynamicAgentLoading to hide this warning
WARNING: If a serviceability tool is not in use, please run with -Djdk.instrument.traceUsage for more information
WARNING: Dynamic loading of agents will be disallowed by default in a future release
]]></system-err>
  </testcase>
  <testcase name="userCanAccessPayments" classname="com.vibhu.security.portal.PortalSecurityTest" time="0.146"/>
  <testcase name="userCannotAccessAdmin" classname="com.vibhu.security.portal.PortalSecurityTest" time="0.003"/>
  <testcase name="adminCanAccessAdmin" classname="com.vibhu.security.portal.PortalSecurityTest" time="0.007"/>
  <testcase name="homeIsPublic" classname="com.vibhu.security.portal.PortalSecurityTest" time="0.006"/>
  <testcase name="paymentsRequiresAuth" classname="com.vibhu.security.portal.PortalSecurityTest" time="0.004"/>
</testsuite>